<?xml version="1.0" encoding="UTF-8"?>
<testng-results ignored="0" total="1" passed="1" failed="0" skipped="0">
  <reporter-output>
  </reporter-output>
  <suite started-at="2026-03-02T00:04:04 IST" name="GridSuite" finished-at="2026-03-02T00:04:27 IST" duration-ms="22647">
    <groups>
    </groups>
    <test started-at="2026-03-02T00:04:04 IST" name="ChromeTest" finished-at="2026-03-02T00:04:27 IST" duration-ms="22647">
      <class name="com.devops.AmazonTest">
        <test-method signature="openAmazon(java.lang.String)[pri:0, instance:com.devops.AmazonTest@59662a0b]" started-at="2026-03-02T00:04:04 IST" name="openAmazon" finished-at="2026-03-02T00:04:27 IST" duration-ms="22556" status="PASS">
          <params>
            <param index="0">
              <value>
                <![CDATA[edge]]>
              </value>
            </param>
          </params>
          <reporter-output>
          </reporter-output>
        </test-method> <!-- openAmazon -->
      </class> <!-- com.devops.AmazonTest -->
    </test> <!-- ChromeTest -->
  </suite> <!-- GridSuite -->
</testng-results>
